2021-04-26 11:05:59.165  INFO 147892 --- [main] c.k.p.d.DemoFutbolistasApplication       : Starting DemoFutbolistasApplication using Java 16 on PC-CARLOS with PID 147892 (C:\Users\CarlosEnrique\IdeaProjects\demoFutbolistas\demoFutbolistas\target\classes started by CarlosEnrique in C:\Users\CarlosEnrique\IdeaProjects\demoFutbolistas\demoFutbolistas)
2021-04-26 11:05:59.309 DEBUG 147892 --- [main] c.k.p.d.DemoFutbolistasApplication       : Running with Spring Boot v2.4.5, Spring v5.3.6
2021-04-26 11:05:59.310  INFO 147892 --- [main] c.k.p.d.DemoFutbolistasApplication       : No active profile set, falling back to default profiles: default
2021-04-26 11:06:03.384  INFO 147892 --- [main] .s.d.r.c.RepositoryConfigurationDelegate : Bootstrapping Spring Data JPA repositories in DEFAULT mode.
2021-04-26 11:06:03.818  INFO 147892 --- [main] .s.d.r.c.RepositoryConfigurationDelegate : Finished Spring Data repository scanning in 409 ms. Found 1 JPA repository interfaces.
2021-04-26 11:06:07.770  INFO 147892 --- [main] o.s.b.w.embedded.tomcat.TomcatWebServer  : Tomcat initialized with port(s): 8087 (http)
2021-04-26 11:06:07.948  INFO 147892 --- [main] o.apache.catalina.core.StandardService   : Starting service [Tomcat]
2021-04-26 11:06:07.949  INFO 147892 --- [main] org.apache.catalina.core.StandardEngine  : Starting Servlet engine: [Apache Tomcat/9.0.45]
2021-04-26 11:06:08.551  INFO 147892 --- [main] o.a.c.c.C.[Tomcat].[localhost].[/]       : Initializing Spring embedded WebApplicationContext
2021-04-26 11:06:08.553  INFO 147892 --- [main] w.s.c.ServletWebServerApplicationContext : Root WebApplicationContext: initialization completed in 8409 ms
2021-04-26 11:06:09.559  INFO 147892 --- [main] com.zaxxer.hikari.HikariDataSource       : HikariPool-1 - Starting...
2021-04-26 11:06:10.577  INFO 147892 --- [main] com.zaxxer.hikari.HikariDataSource       : HikariPool-1 - Start completed.
2021-04-26 11:06:10.916  INFO 147892 --- [main] o.hibernate.jpa.internal.util.LogHelper  : HHH000204: Processing PersistenceUnitInfo [name: default]
2021-04-26 11:06:11.177  INFO 147892 --- [main] org.hibernate.Version                    : HHH000412: Hibernate ORM core version 5.4.30.Final
2021-04-26 11:06:12.583  INFO 147892 --- [main] o.hibernate.annotations.common.Version   : HCANN000001: Hibernate Commons Annotations {5.1.2.Final}
2021-04-26 11:06:13.116  INFO 147892 --- [main] org.hibernate.dialect.Dialect            : HHH000400: Using dialect: org.hibernate.dialect.H2Dialect
2021-04-26 11:06:24.910  INFO 147892 --- [main] o.h.e.t.j.p.i.JtaPlatformInitiator       : HHH000490: Using JtaPlatform implementation: [org.hibernate.engine.transaction.jta.platform.internal.NoJtaPlatform]
2021-04-26 11:06:24.927  INFO 147892 --- [main] j.LocalContainerEntityManagerFactoryBean : Initialized JPA EntityManagerFactory for persistence unit 'default'
2021-04-26 11:06:27.744  WARN 147892 --- [main] JpaBaseConfiguration$JpaWebConfiguration : spring.jpa.open-in-view is enabled by default. Therefore, database queries may be performed during view rendering. Explicitly configure spring.jpa.open-in-view to disable this warning
2021-04-26 11:06:29.529  INFO 147892 --- [main] o.s.s.concurrent.ThreadPoolTaskExecutor  : Initializing ExecutorService 'applicationTaskExecutor'
2021-04-26 11:06:35.241  INFO 147892 --- [main] o.s.b.w.embedded.tomcat.TomcatWebServer  : Tomcat started on port(s): 8087 (http) with context path ''
2021-04-26 11:06:35.656  INFO 147892 --- [main] c.k.p.d.DemoFutbolistasApplication       : Started DemoFutbolistasApplication in 39.486 seconds (JVM running for 45.168)
2021-04-26 11:13:32.572  INFO 147892 --- [http-nio-8087-exec-1] o.a.c.c.C.[Tomcat].[localhost].[/]       : Initializing Spring DispatcherServlet 'dispatcherServlet'
2021-04-26 11:13:32.572  INFO 147892 --- [http-nio-8087-exec-1] o.s.web.servlet.DispatcherServlet        : Initializing Servlet 'dispatcherServlet'
2021-04-26 11:13:32.609  INFO 147892 --- [http-nio-8087-exec-1] o.s.web.servlet.DispatcherServlet        : Completed initialization in 4 ms
2021-04-26 11:13:33.160 ERROR 147892 --- [http-nio-8087-exec-1] c.k.p.d.Servicio.FutbolistaServicio      : Error - No se puede asignar la posición a
2021-04-26 11:13:33.160 ERROR 147892 --- [http-nio-8087-exec-1] c.k.p.d.Servicio.FutbolistaServicio      : Fatal - No se puede asignar la posición: a
2021-04-26 11:13:33.162  INFO 147892 --- [http-nio-8087-exec-1] c.k.p.d.Servicio.FutbolistaServicio      : Info - No se puede asignar la posición: a
2021-04-26 11:13:33.162  WARN 147892 --- [http-nio-8087-exec-1] c.k.p.d.Servicio.FutbolistaServicio      : Warn - No se puede asignar la posición a
2021-04-26 11:13:33.162 DEBUG 147892 --- [http-nio-8087-exec-1] c.k.p.d.Servicio.FutbolistaServicio      : Debug - No se puede asignar la posición: a
2021-04-26 11:13:33.163 TRACE 147892 --- [http-nio-8087-exec-1] c.k.p.d.Servicio.FutbolistaServicio      : Trace - No se puede asignar la posición: a
2021-04-26 11:18:21.609 ERROR 147892 --- [http-nio-8087-exec-3] c.k.p.d.Servicio.FutbolistaServicio      : Error - No se puede asignar la posición a
2021-04-26 11:18:21.610 ERROR 147892 --- [http-nio-8087-exec-3] c.k.p.d.Servicio.FutbolistaServicio      : Fatal - No se puede asignar la posición: a
2021-04-26 11:18:21.612  INFO 147892 --- [http-nio-8087-exec-3] c.k.p.d.Servicio.FutbolistaServicio      : Info - No se puede asignar la posición: a
2021-04-26 11:18:21.614  WARN 147892 --- [http-nio-8087-exec-3] c.k.p.d.Servicio.FutbolistaServicio      : Warn - No se puede asignar la posición a
2021-04-26 11:18:21.636 DEBUG 147892 --- [http-nio-8087-exec-3] c.k.p.d.Servicio.FutbolistaServicio      : Debug - No se puede asignar la posición: a
2021-04-26 11:18:21.637 TRACE 147892 --- [http-nio-8087-exec-3] c.k.p.d.Servicio.FutbolistaServicio      : Trace - No se puede asignar la posición: a
2021-04-26 11:21:34.446  INFO 166136 --- [main] c.k.p.d.DemoFutbolistasApplication       : Starting DemoFutbolistasApplication using Java 16 on PC-CARLOS with PID 166136 (C:\Users\CarlosEnrique\IdeaProjects\demoFutbolistas\demoFutbolistas\target\classes started by CarlosEnrique in C:\Users\CarlosEnrique\IdeaProjects\demoFutbolistas\demoFutbolistas)
2021-04-26 11:21:34.460 DEBUG 166136 --- [main] c.k.p.d.DemoFutbolistasApplication       : Running with Spring Boot v2.4.5, Spring v5.3.6
2021-04-26 11:21:34.462  INFO 166136 --- [main] c.k.p.d.DemoFutbolistasApplication       : No active profile set, falling back to default profiles: default
2021-04-26 11:21:37.944  INFO 166136 --- [main] .s.d.r.c.RepositoryConfigurationDelegate : Bootstrapping Spring Data JPA repositories in DEFAULT mode.
2021-04-26 11:21:38.449  INFO 166136 --- [main] .s.d.r.c.RepositoryConfigurationDelegate : Finished Spring Data repository scanning in 437 ms. Found 1 JPA repository interfaces.
2021-04-26 11:21:42.340  INFO 166136 --- [main] o.s.b.w.embedded.tomcat.TomcatWebServer  : Tomcat initialized with port(s): 8087 (http)
2021-04-26 11:21:42.369  INFO 166136 --- [main] o.apache.catalina.core.StandardService   : Starting service [Tomcat]
2021-04-26 11:21:42.370  INFO 166136 --- [main] org.apache.catalina.core.StandardEngine  : Starting Servlet engine: [Apache Tomcat/9.0.45]
2021-04-26 11:21:43.065  INFO 166136 --- [main] o.a.c.c.C.[Tomcat].[localhost].[/]       : Initializing Spring embedded WebApplicationContext
2021-04-26 11:21:43.066  INFO 166136 --- [main] w.s.c.ServletWebServerApplicationContext : Root WebApplicationContext: initialization completed in 8338 ms
2021-04-26 11:21:44.200  INFO 166136 --- [main] com.zaxxer.hikari.HikariDataSource       : HikariPool-1 - Starting...
2021-04-26 11:21:44.690  INFO 166136 --- [main] com.zaxxer.hikari.HikariDataSource       : HikariPool-1 - Start completed.
2021-04-26 11:21:44.951  INFO 166136 --- [main] o.hibernate.jpa.internal.util.LogHelper  : HHH000204: Processing PersistenceUnitInfo [name: default]
2021-04-26 11:21:45.166  INFO 166136 --- [main] org.hibernate.Version                    : HHH000412: Hibernate ORM core version 5.4.30.Final
2021-04-26 11:21:45.497  INFO 166136 --- [main] o.hibernate.annotations.common.Version   : HCANN000001: Hibernate Commons Annotations {5.1.2.Final}
2021-04-26 11:21:45.868  INFO 166136 --- [main] org.hibernate.dialect.Dialect            : HHH000400: Using dialect: org.hibernate.dialect.H2Dialect
2021-04-26 11:21:47.275  INFO 166136 --- [main] o.h.e.t.j.p.i.JtaPlatformInitiator       : HHH000490: Using JtaPlatform implementation: [org.hibernate.engine.transaction.jta.platform.internal.NoJtaPlatform]
2021-04-26 11:21:47.298  INFO 166136 --- [main] j.LocalContainerEntityManagerFactoryBean : Initialized JPA EntityManagerFactory for persistence unit 'default'
2021-04-26 11:21:48.497  WARN 166136 --- [main] JpaBaseConfiguration$JpaWebConfiguration : spring.jpa.open-in-view is enabled by default. Therefore, database queries may be performed during view rendering. Explicitly configure spring.jpa.open-in-view to disable this warning
2021-04-26 11:21:48.949  INFO 166136 --- [main] o.s.s.concurrent.ThreadPoolTaskExecutor  : Initializing ExecutorService 'applicationTaskExecutor'
2021-04-26 11:21:49.767  INFO 166136 --- [main] o.s.b.w.embedded.tomcat.TomcatWebServer  : Tomcat started on port(s): 8087 (http) with context path ''
2021-04-26 11:21:49.789  INFO 166136 --- [main] c.k.p.d.DemoFutbolistasApplication       : Started DemoFutbolistasApplication in 17.155 seconds (JVM running for 19.274)
2021-04-26 11:21:54.155  INFO 166136 --- [http-nio-8087-exec-1] o.a.c.c.C.[Tomcat].[localhost].[/]       : Initializing Spring DispatcherServlet 'dispatcherServlet'
2021-04-26 11:21:54.170  INFO 166136 --- [http-nio-8087-exec-1] o.s.web.servlet.DispatcherServlet        : Initializing Servlet 'dispatcherServlet'
2021-04-26 11:21:54.190  INFO 166136 --- [http-nio-8087-exec-1] o.s.web.servlet.DispatcherServlet        : Completed initialization in 7 ms
2021-04-26 11:21:54.436 ERROR 166136 --- [http-nio-8087-exec-1] c.k.p.d.Servicio.FutbolistaServicio      : Error - No se puede asignar la posición a
2021-04-26 11:21:54.437 ERROR 166136 --- [http-nio-8087-exec-1] c.k.p.d.Servicio.FutbolistaServicio      : Fatal - No se puede asignar la posición: a
2021-04-26 11:21:54.446  INFO 166136 --- [http-nio-8087-exec-1] c.k.p.d.Servicio.FutbolistaServicio      : Info - No se puede asignar la posición: a
2021-04-26 11:21:54.449  WARN 166136 --- [http-nio-8087-exec-1] c.k.p.d.Servicio.FutbolistaServicio      : Warn - No se puede asignar la posición a
2021-04-26 11:21:54.449 DEBUG 166136 --- [http-nio-8087-exec-1] c.k.p.d.Servicio.FutbolistaServicio      : Debug - No se puede asignar la posición: a
2021-04-26 11:21:54.449 TRACE 166136 --- [http-nio-8087-exec-1] c.k.p.d.Servicio.FutbolistaServicio      : Trace - No se puede asignar la posición: a
2021-04-26 11:26:53.555  INFO 156812 --- [main] c.k.p.d.DemoFutbolistasApplication       : Starting DemoFutbolistasApplication using Java 16 on PC-CARLOS with PID 156812 (C:\Users\CarlosEnrique\IdeaProjects\demoFutbolistas\demoFutbolistas\target\classes started by CarlosEnrique in C:\Users\CarlosEnrique\IdeaProjects\demoFutbolistas\demoFutbolistas)
2021-04-26 11:26:53.559 DEBUG 156812 --- [main] c.k.p.d.DemoFutbolistasApplication       : Running with Spring Boot v2.4.5, Spring v5.3.6
2021-04-26 11:26:53.560  INFO 156812 --- [main] c.k.p.d.DemoFutbolistasApplication       : No active profile set, falling back to default profiles: default
2021-04-26 11:26:57.910  INFO 156812 --- [main] .s.d.r.c.RepositoryConfigurationDelegate : Bootstrapping Spring Data JPA repositories in DEFAULT mode.
2021-04-26 11:26:58.690  INFO 156812 --- [main] .s.d.r.c.RepositoryConfigurationDelegate : Finished Spring Data repository scanning in 471 ms. Found 1 JPA repository interfaces.
2021-04-26 11:27:01.906  INFO 156812 --- [main] o.s.b.w.embedded.tomcat.TomcatWebServer  : Tomcat initialized with port(s): 8087 (http)
2021-04-26 11:27:01.935  INFO 156812 --- [main] o.apache.catalina.core.StandardService   : Starting service [Tomcat]
2021-04-26 11:27:01.936  INFO 156812 --- [main] org.apache.catalina.core.StandardEngine  : Starting Servlet engine: [Apache Tomcat/9.0.45]
2021-04-26 11:27:02.581  INFO 156812 --- [main] o.a.c.c.C.[Tomcat].[localhost].[/]       : Initializing Spring embedded WebApplicationContext
2021-04-26 11:27:02.582  INFO 156812 --- [main] w.s.c.ServletWebServerApplicationContext : Root WebApplicationContext: initialization completed in 8545 ms
2021-04-26 11:27:03.535  INFO 156812 --- [main] com.zaxxer.hikari.HikariDataSource       : HikariPool-1 - Starting...
2021-04-26 11:27:04.237  INFO 156812 --- [main] com.zaxxer.hikari.HikariDataSource       : HikariPool-1 - Start completed.
2021-04-26 11:27:04.629  INFO 156812 --- [main] o.hibernate.jpa.internal.util.LogHelper  : HHH000204: Processing PersistenceUnitInfo [name: default]
2021-04-26 11:27:04.857  INFO 156812 --- [main] org.hibernate.Version                    : HHH000412: Hibernate ORM core version 5.4.30.Final
2021-04-26 11:27:05.186  INFO 156812 --- [main] o.hibernate.annotations.common.Version   : HCANN000001: Hibernate Commons Annotations {5.1.2.Final}
2021-04-26 11:27:05.567  INFO 156812 --- [main] org.hibernate.dialect.Dialect            : HHH000400: Using dialect: org.hibernate.dialect.H2Dialect
2021-04-26 11:27:07.624  INFO 156812 --- [main] o.h.e.t.j.p.i.JtaPlatformInitiator       : HHH000490: Using JtaPlatform implementation: [org.hibernate.engine.transaction.jta.platform.internal.NoJtaPlatform]
2021-04-26 11:27:07.660  INFO 156812 --- [main] j.LocalContainerEntityManagerFactoryBean : Initialized JPA EntityManagerFactory for persistence unit 'default'
2021-04-26 11:27:08.672  WARN 156812 --- [main] JpaBaseConfiguration$JpaWebConfiguration : spring.jpa.open-in-view is enabled by default. Therefore, database queries may be performed during view rendering. Explicitly configure spring.jpa.open-in-view to disable this warning
2021-04-26 11:27:09.123  INFO 156812 --- [main] o.s.s.concurrent.ThreadPoolTaskExecutor  : Initializing ExecutorService 'applicationTaskExecutor'
2021-04-26 11:27:10.488  INFO 156812 --- [main] o.s.b.w.embedded.tomcat.TomcatWebServer  : Tomcat started on port(s): 8087 (http) with context path ''
2021-04-26 11:27:10.504  INFO 156812 --- [main] c.k.p.d.DemoFutbolistasApplication       : Started DemoFutbolistasApplication in 18.766 seconds (JVM running for 20.927)
2021-04-26 11:42:06.337  INFO 162264 --- [main] c.k.p.d.DemoFutbolistasApplication       : Starting DemoFutbolistasApplication using Java 16 on PC-CARLOS with PID 162264 (C:\Users\CarlosEnrique\IdeaProjects\demoFutbolistas\demoFutbolistas\target\classes started by CarlosEnrique in C:\Users\CarlosEnrique\IdeaProjects\demoFutbolistas\demoFutbolistas)
2021-04-26 11:42:06.343 DEBUG 162264 --- [main] c.k.p.d.DemoFutbolistasApplication       : Running with Spring Boot v2.4.5, Spring v5.3.6
2021-04-26 11:42:06.344  INFO 162264 --- [main] c.k.p.d.DemoFutbolistasApplication       : No active profile set, falling back to default profiles: default
2021-04-26 11:42:09.980  INFO 162264 --- [main] .s.d.r.c.RepositoryConfigurationDelegate : Bootstrapping Spring Data JPA repositories in DEFAULT mode.
2021-04-26 11:42:10.788  INFO 162264 --- [main] .s.d.r.c.RepositoryConfigurationDelegate : Finished Spring Data repository scanning in 599 ms. Found 1 JPA repository interfaces.
2021-04-26 11:42:13.819  INFO 162264 --- [main] o.s.b.w.embedded.tomcat.TomcatWebServer  : Tomcat initialized with port(s): 8087 (http)
2021-04-26 11:42:13.865  INFO 162264 --- [main] o.apache.catalina.core.StandardService   : Starting service [Tomcat]
2021-04-26 11:42:13.876  INFO 162264 --- [main] org.apache.catalina.core.StandardEngine  : Starting Servlet engine: [Apache Tomcat/9.0.45]
2021-04-26 11:42:14.392  INFO 162264 --- [main] o.a.c.c.C.[Tomcat].[localhost].[/]       : Initializing Spring embedded WebApplicationContext
2021-04-26 11:42:14.395  INFO 162264 --- [main] w.s.c.ServletWebServerApplicationContext : Root WebApplicationContext: initialization completed in 7516 ms
2021-04-26 11:42:15.330  INFO 162264 --- [main] com.zaxxer.hikari.HikariDataSource       : HikariPool-1 - Starting...
2021-04-26 11:42:16.403  INFO 162264 --- [main] com.zaxxer.hikari.HikariDataSource       : HikariPool-1 - Start completed.
2021-04-26 11:42:16.847  INFO 162264 --- [main] o.hibernate.jpa.internal.util.LogHelper  : HHH000204: Processing PersistenceUnitInfo [name: default]
2021-04-26 11:42:17.091  INFO 162264 --- [main] org.hibernate.Version                    : HHH000412: Hibernate ORM core version 5.4.30.Final
2021-04-26 11:42:17.517  INFO 162264 --- [main] o.hibernate.annotations.common.Version   : HCANN000001: Hibernate Commons Annotations {5.1.2.Final}
2021-04-26 11:42:17.942  INFO 162264 --- [main] org.hibernate.dialect.Dialect            : HHH000400: Using dialect: org.hibernate.dialect.H2Dialect
2021-04-26 11:42:20.121  INFO 162264 --- [main] o.h.e.t.j.p.i.JtaPlatformInitiator       : HHH000490: Using JtaPlatform implementation: [org.hibernate.engine.transaction.jta.platform.internal.NoJtaPlatform]
2021-04-26 11:42:20.150  INFO 162264 --- [main] j.LocalContainerEntityManagerFactoryBean : Initialized JPA EntityManagerFactory for persistence unit 'default'
2021-04-26 11:42:21.317  WARN 162264 --- [main] JpaBaseConfiguration$JpaWebConfiguration : spring.jpa.open-in-view is enabled by default. Therefore, database queries may be performed during view rendering. Explicitly configure spring.jpa.open-in-view to disable this warning
2021-04-26 11:42:21.817  INFO 162264 --- [main] o.s.s.concurrent.ThreadPoolTaskExecutor  : Initializing ExecutorService 'applicationTaskExecutor'
2021-04-26 11:42:23.073  INFO 162264 --- [main] o.s.b.w.embedded.tomcat.TomcatWebServer  : Tomcat started on port(s): 8087 (http) with context path ''
2021-04-26 11:42:23.117  INFO 162264 --- [main] c.k.p.d.DemoFutbolistasApplication       : Started DemoFutbolistasApplication in 18.65 seconds (JVM running for 20.586)
